<?xml version="1.0" encoding="UTF-8"?>
<testng-results ignored="0" total="1" passed="1" failed="0" skipped="0">
  <reporter-output>
  </reporter-output>
  <suite started-at="2022-11-04T17:12:52 IST" name="Default suite" finished-at="2022-11-04T17:13:06 IST" duration-ms="13357">
    <groups>
    </groups>
    <test started-at="2022-11-04T17:12:52 IST" name="Default test" finished-at="2022-11-04T17:13:06 IST" duration-ms="13357">
      <class name="assignment.Selenium">
        <test-method is-config="true" signature="enterURL()[pri:0, instance:assignment.Selenium@1de76cc7]" started-at="2022-11-04T17:12:53 IST" name="enterURL" finished-at="2022-11-04T17:12:58 IST" duration-ms="5179" status="PASS">
          <reporter-output>
          </reporter-output>
        </test-method> <!-- enterURL -->
        <test-method signature="InvalidOrderStatus()[pri:5, instance:assignment.Selenium@1de76cc7]" started-at="2022-11-04T17:12:58 IST" name="InvalidOrderStatus" finished-at="2022-11-04T17:13:06 IST" duration-ms="7881" status="PASS">
          <reporter-output>
          </reporter-output>
        </test-method> <!-- InvalidOrderStatus -->
        <test-method is-config="true" signature="logout()[pri:0, instance:assignment.Selenium@1de76cc7]" started-at="2022-11-04T17:13:06 IST" name="logout" finished-at="2022-11-04T17:13:06 IST" duration-ms="249" status="PASS">
          <reporter-output>
          </reporter-output>
        </test-method> <!-- logout -->
      </class> <!-- assignment.Selenium -->
    </test> <!-- Default test -->
  </suite> <!-- Default suite -->
</testng-results>
